  pch.cpp
  AssemblyInfo.cpp
  CppCLR_WinFormsProject.cpp
D:\C\遊戲\雙人\雙人\data_format.h(37): warning C4305: '正在初始化': 從 'double' 轉換為 'float'，是由較大的類型轉換為較小的類型，可能導致資料遺失
D:\C\遊戲\雙人\雙人\Form1.h(27,19): warning C4305: '正在初始化': 從 'double' 轉換為 'float'，是由較大的類型轉換為較小的類型，可能導致資料遺失
D:\C\遊戲\雙人\雙人\Form1.h(30,15): warning C4305: '正在初始化': 從 'double' 轉換為 'float'，是由較大的類型轉換為較小的類型，可能導致資料遺失
D:\C\遊戲\雙人\雙人\Form1.h(31,22): warning C4305: '正在初始化': 從 'double' 轉換為 'float'，是由較大的類型轉換為較小的類型，可能導致資料遺失
D:\C\遊戲\雙人\雙人\Form1.h(32,22): warning C4305: '正在初始化': 從 'double' 轉換為 'float'，是由較大的類型轉換為較小的類型，可能導致資料遺失
D:\C\遊戲\雙人\雙人\Form1.h(47,25): warning C4305: '正在初始化': 從 'double' 轉換為 'float'，是由較大的類型轉換為較小的類型，可能導致資料遺失
D:\C\遊戲\雙人\雙人\Form1.h(48,25): warning C4305: '正在初始化': 從 'double' 轉換為 'float'，是由較大的類型轉換為較小的類型，可能導致資料遺失
D:\C\遊戲\雙人\雙人\Form1.h(397,11): warning C4244: '正在初始化': 將 'float' 轉換為 'int'，由於類型不同，可能導致資料遺失
D:\C\遊戲\雙人\雙人\Form1.h(398,11): warning C4244: '正在初始化': 將 'float' 轉換為 'int'，由於類型不同，可能導致資料遺失
D:\C\遊戲\雙人\雙人\Form1.h(402,15): warning C4244: '正在初始化': 將 'double' 轉換為 'int'，由於類型不同，可能導致資料遺失
D:\C\遊戲\雙人\雙人\Form1.h(403,15): warning C4244: '正在初始化': 將 'double' 轉換為 'int'，由於類型不同，可能導致資料遺失
D:\C\遊戲\雙人\雙人\Form1.h(410,17): warning C4244: '正在初始化': 將 'float' 轉換為 'int'，由於類型不同，可能導致資料遺失
D:\C\遊戲\雙人\雙人\Form1.h(411,23): warning C4244: '=': 將 'float' 轉換為 'int'，由於類型不同，可能導致資料遺失
D:\C\遊戲\雙人\雙人\Form1.h(412,33): warning C4244: '=': 將 'float' 轉換為 'int'，由於類型不同，可能導致資料遺失
D:\C\遊戲\雙人\雙人\Form1.h(418,11): warning C4244: '正在初始化': 將 'float' 轉換為 'int'，由於類型不同，可能導致資料遺失
D:\C\遊戲\雙人\雙人\Form1.h(419,11): warning C4244: '正在初始化': 將 'float' 轉換為 'int'，由於類型不同，可能導致資料遺失
D:\C\遊戲\雙人\雙人\Form1.h(423,15): warning C4244: '正在初始化': 將 'double' 轉換為 'int'，由於類型不同，可能導致資料遺失
D:\C\遊戲\雙人\雙人\Form1.h(424,15): warning C4244: '正在初始化': 將 'double' 轉換為 'int'，由於類型不同，可能導致資料遺失
D:\C\遊戲\雙人\雙人\Form1.h(431,17): warning C4244: '正在初始化': 將 'float' 轉換為 'int'，由於類型不同，可能導致資料遺失
D:\C\遊戲\雙人\雙人\Form1.h(432,23): warning C4244: '=': 將 'float' 轉換為 'int'，由於類型不同，可能導致資料遺失
D:\C\遊戲\雙人\雙人\Form1.h(433,33): warning C4244: '=': 將 'float' 轉換為 'int'，由於類型不同，可能導致資料遺失
D:\C\遊戲\雙人\雙人\Form1.h(444,29): warning C4244: '=': 將 'float' 轉換為 'int'，由於類型不同，可能導致資料遺失
D:\C\遊戲\雙人\雙人\Form1.h(445,34): warning C4244: '=': 將 'float' 轉換為 'int'，由於類型不同，可能導致資料遺失
D:\C\遊戲\雙人\雙人\Form1.h(446,44): warning C4244: '=': 將 'float' 轉換為 'int'，由於類型不同，可能導致資料遺失
D:\C\遊戲\雙人\雙人\Form1.h(458,30): warning C4244: '=': 將 'float' 轉換為 'int'，由於類型不同，可能導致資料遺失
D:\C\遊戲\雙人\雙人\Form1.h(459,35): warning C4244: '=': 將 'float' 轉換為 'int'，由於類型不同，可能導致資料遺失
D:\C\遊戲\雙人\雙人\Form1.h(460,45): warning C4244: '=': 將 'float' 轉換為 'int'，由於類型不同，可能導致資料遺失
D:\C\遊戲\雙人\雙人\Form1.h(480,26): warning C4244: '=': 將 'float' 轉換為 'int'，由於類型不同，可能導致資料遺失
D:\C\遊戲\雙人\雙人\Form1.h(481,31): warning C4244: '=': 將 'float' 轉換為 'int'，由於類型不同，可能導致資料遺失
D:\C\遊戲\雙人\雙人\Form1.h(482,41): warning C4244: '=': 將 'float' 轉換為 'int'，由於類型不同，可能導致資料遺失
D:\C\遊戲\雙人\雙人\Form1.h(491,17): warning C4244: '正在初始化': 將 'float' 轉換為 'int'，由於類型不同，可能導致資料遺失
D:\C\遊戲\雙人\雙人\Form1.h(492,26): warning C4244: '=': 將 'float' 轉換為 'int'，由於類型不同，可能導致資料遺失
D:\C\遊戲\雙人\雙人\Form1.h(493,36): warning C4244: '=': 將 'float' 轉換為 'int'，由於類型不同，可能導致資料遺失
D:\C\遊戲\雙人\雙人\Form1.h(501,17): warning C4244: '正在初始化': 將 'float' 轉換為 'int'，由於類型不同，可能導致資料遺失
D:\C\遊戲\雙人\雙人\Form1.h(502,26): warning C4244: '=': 將 'float' 轉換為 'int'，由於類型不同，可能導致資料遺失
D:\C\遊戲\雙人\雙人\Form1.h(503,36): warning C4244: '=': 將 'float' 轉換為 'int'，由於類型不同，可能導致資料遺失
D:\C\遊戲\雙人\雙人\Form1.h(511,14): warning C4244: '引數': 將 'time_t' 轉換為 'unsigned int'，由於類型不同，可能導致資料遺失
D:\C\遊戲\雙人\雙人\Form1.h(515,1): warning C4305: '=': 從 'double' 轉換為 'float'，是由較大的類型轉換為較小的類型，可能導致資料遺失
D:\C\遊戲\雙人\雙人\Form1.h(527,1): warning C4305: '=': 從 'double' 轉換為 'float'，是由較大的類型轉換為較小的類型，可能導致資料遺失
D:\C\遊戲\雙人\雙人\Form1.h(641,48): warning C4244: '=': 將 'float' 轉換為 'int'，由於類型不同，可能導致資料遺失
D:\C\遊戲\雙人\雙人\Form1.h(645,29): warning C4244: '=': 將 'double' 轉換為 'float'，由於類型不同，可能導致資料遺失
D:\C\遊戲\雙人\雙人\Form1.h(646,68): warning C4244: '=': 將 'double' 轉換為 'float'，由於類型不同，可能導致資料遺失
D:\C\遊戲\雙人\雙人\Form1.h(648,1): warning C4305: '+=': 從 'double' 轉換為 'float'，是由較大的類型轉換為較小的類型，可能導致資料遺失
D:\C\遊戲\雙人\雙人\Form1.h(666,49): warning C4244: '=': 將 'float' 轉換為 'int'，由於類型不同，可能導致資料遺失
D:\C\遊戲\雙人\雙人\Form1.h(670,29): warning C4244: '=': 將 'double' 轉換為 'float'，由於類型不同，可能導致資料遺失
D:\C\遊戲\雙人\雙人\Form1.h(671,74): warning C4244: '=': 將 'double' 轉換為 'float'，由於類型不同，可能導致資料遺失
D:\C\遊戲\雙人\雙人\Form1.h(673,1): warning C4305: '+=': 從 'double' 轉換為 'float'，是由較大的類型轉換為較小的類型，可能導致資料遺失
D:\C\遊戲\雙人\雙人\Form1.h(686,55): warning C4244: '=': 將 'float' 轉換為 'int'，由於類型不同，可能導致資料遺失
D:\C\遊戲\雙人\雙人\Form1.h(690,35): warning C4244: '=': 將 'double' 轉換為 'float'，由於類型不同，可能導致資料遺失
D:\C\遊戲\雙人\雙人\Form1.h(691,80): warning C4244: '=': 將 'double' 轉換為 'float'，由於類型不同，可能導致資料遺失
D:\C\遊戲\雙人\雙人\Form1.h(693,1): warning C4305: '+=': 從 'double' 轉換為 'float'，是由較大的類型轉換為較小的類型，可能導致資料遺失
D:\C\遊戲\雙人\雙人\Form1.h(708,55): warning C4244: '=': 將 'float' 轉換為 'int'，由於類型不同，可能導致資料遺失
D:\C\遊戲\雙人\雙人\Form1.h(712,35): warning C4244: '=': 將 'double' 轉換為 'float'，由於類型不同，可能導致資料遺失
D:\C\遊戲\雙人\雙人\Form1.h(713,86): warning C4244: '=': 將 'double' 轉換為 'float'，由於類型不同，可能導致資料遺失
D:\C\遊戲\雙人\雙人\Form1.h(715,1): warning C4305: '+=': 從 'double' 轉換為 'float'，是由較大的類型轉換為較小的類型，可能導致資料遺失
D:\C\遊戲\雙人\雙人\Form1.h(727,15): warning C4244: '正在初始化': 將 'double' 轉換為 'float'，由於類型不同，可能導致資料遺失
D:\C\遊戲\雙人\雙人\Form1.h(741,15): warning C4244: '正在初始化': 將 'double' 轉換為 'float'，由於類型不同，可能導致資料遺失
D:\C\遊戲\雙人\雙人\Form1.h(756,15): warning C4244: '正在初始化': 將 'double' 轉換為 'float'，由於類型不同，可能導致資料遺失
D:\C\遊戲\雙人\雙人\Form1.h(771,15): warning C4244: '正在初始化': 將 'double' 轉換為 'float'，由於類型不同，可能導致資料遺失
D:\C\遊戲\雙人\雙人\Form1.h(785,15): warning C4244: '正在初始化': 將 'double' 轉換為 'float'，由於類型不同，可能導致資料遺失
D:\C\遊戲\雙人\雙人\Form1.h(795,15): warning C4244: '正在初始化': 將 'double' 轉換為 'float'，由於類型不同，可能導致資料遺失
D:\C\遊戲\雙人\雙人\Form1.h(803,18): warning C4244: '正在初始化': 將 'double' 轉換為 'float'，由於類型不同，可能導致資料遺失
D:\C\遊戲\雙人\雙人\Form1.h(817,18): warning C4244: '正在初始化': 將 'double' 轉換為 'float'，由於類型不同，可能導致資料遺失
D:\C\遊戲\雙人\雙人\Form1.h(832,45): warning C4244: '引數': 將 'float' 轉換為 'int'，由於類型不同，可能導致資料遺失
D:\C\遊戲\雙人\雙人\Form1.h(834,45): warning C4244: '引數': 將 'float' 轉換為 'int'，由於類型不同，可能導致資料遺失
D:\C\遊戲\雙人\雙人\Form1.h(969,23): warning C4553: '==': 未使用運算式結果; 您是否想要 '='?
D:\C\遊戲\雙人\雙人\Form1.h(975,23): warning C4553: '==': 未使用運算式結果; 您是否想要 '='?
D:\C\遊戲\雙人\雙人\Form1.h(980,23): warning C4553: '==': 未使用運算式結果; 您是否想要 '='?
D:\C\遊戲\雙人\雙人\Form1.h(1050,1): warning C4305: '=': 從 'double' 轉換為 'float'，是由較大的類型轉換為較小的類型，可能導致資料遺失
D:\C\遊戲\雙人\雙人\Form1.h(1054,1): warning C4305: '=': 從 'double' 轉換為 'float'，是由較大的類型轉換為較小的類型，可能導致資料遺失
D:\C\遊戲\雙人\雙人\Form1.h(1122,1): warning C4305: '=': 從 'double' 轉換為 'float'，是由較大的類型轉換為較小的類型，可能導致資料遺失
D:\C\遊戲\雙人\雙人\Form1.h(1126,1): warning C4305: '=': 從 'double' 轉換為 'float'，是由較大的類型轉換為較小的類型，可能導致資料遺失
  Form1.cpp
  正在產生程式碼...
  .NETFramework,Version=v4.7.2.AssemblyAttributes.cpp
  AssemblyInfo.obj : 發現 MSIL 模組。MSIL 的累加連結已停用。正在執行完整連結
  雙人.vcxproj -> D:\C\遊戲\雙人\x64\Debug\雙人.exe
